e: file:///D:/Sun_jc/Desktop/xjtu-toolbox-android/app/src/main/java/com/xjtu/toolbox/MainActivity.kt:3053:32 Unresolved reference 'navController'.
e: file:///D:/Sun_jc/Desktop/xjtu-toolbox-android/app/src/main/java/com/xjtu/toolbox/classreplay/ClassScreen.kt:775:21 Unresolved reference 'RadioButton'.
e: file:///D:/Sun_jc/Desktop/xjtu-toolbox-android/app/src/main/java/com/xjtu/toolbox/classreplay/DownloadManager.kt:71:29 Unresolved reference 'Semaphore'.
e: file:///D:/Sun_jc/Desktop/xjtu-toolbox-android/app/src/main/java/com/xjtu/toolbox/classreplay/DownloadManager.kt:205:24 None of the following candidates is applicable:
val CoroutineContext.isActive: Boolean
val CoroutineScope.isActive: Boolean
val FlowCollector<*>.isActive: Boolean
e: file:///D:/Sun_jc/Desktop/xjtu-toolbox-android/app/src/main/java/com/xjtu/toolbox/classreplay/DownloadManagerScreen.kt:130:39 Unresolved reference 'DownloadOff'.
e: file:///D:/Sun_jc/Desktop/xjtu-toolbox-android/app/src/main/java/com/xjtu/toolbox/classreplay/DownloadManagerScreen.kt:275:25 No parameter with name 'contentColor' found.
e: file:///D:/Sun_jc/Desktop/xjtu-toolbox-android/app/src/main/java/com/xjtu/toolbox/classreplay/DownloadManagerScreen.kt:454:33 No parameter with name 'contentColor' found.
e: file:///D:/Sun_jc/Desktop/xjtu-toolbox-android/app/src/main/java/com/xjtu/toolbox/classreplay/DownloadManagerScreen.kt:469:33 No parameter with name 'contentColor' found.
e: file:///D:/Sun_jc/Desktop/xjtu-toolbox-android/app/src/main/java/com/xjtu/toolbox/classreplay/DownloadManagerScreen.kt:479:33 No parameter with name 'contentColor' found.

FAILURE: Build failed with an exception.

* What went wrong:
Execution failed for task ':app:compileDebugKotlin'.
> A failure occurred while executing org.jetbrains.kotlin.compilerRunner.GradleCompilerRunnerWithWorkers$GradleKotlinCompilerWorkAction
   > Compilation error. See log for more details

* Try:
> Run with --stacktrace option to get the stack trace.
> Run with --info or --debug option to get more log output.
> Run with --scan to get full insights from a Build Scan (powered by Develocity).
> Get more help at https://help.gradle.org.

BUILD FAILED in 49s
